<?xml version="1.0" encoding="UTF-8"?>
<testng-results skipped="0" failed="0" ignored="0" total="3" passed="3">
  <reporter-output>
  </reporter-output>
  <suite name="Default suite" duration-ms="68875" started-at="2021-03-03T03:53:39Z" finished-at="2021-03-03T03:54:48Z">
    <groups>
    </groups>
    <test name="Default test" duration-ms="68875" started-at="2021-03-03T03:53:39Z" finished-at="2021-03-03T03:54:48Z">
      <class name="pageobjectmodel.LoginTest">
        <test-method status="PASS" signature="init()[pri:0, instance:pageobjectmodel.LoginTest@215be6bb]" name="init" is-config="true" duration-ms="16570" started-at="2021-03-03T09:23:39Z" finished-at="2021-03-03T09:23:56Z">
          <reporter-output>
          </reporter-output>
        </test-method> <!-- init -->
        <test-method status="PASS" signature="AtitleCheck()[pri:0, instance:pageobjectmodel.LoginTest@215be6bb]" name="AtitleCheck" duration-ms="9653" started-at="2021-03-03T09:23:56Z" finished-at="2021-03-03T09:24:05Z">
          <reporter-output>
          </reporter-output>
        </test-method> <!-- AtitleCheck -->
        <test-method status="PASS" signature="close()[pri:0, instance:pageobjectmodel.LoginTest@215be6bb]" name="close" is-config="true" duration-ms="1383" started-at="2021-03-03T09:24:05Z" finished-at="2021-03-03T09:24:07Z">
          <reporter-output>
          </reporter-output>
        </test-method> <!-- close -->
        <test-method status="PASS" signature="init()[pri:0, instance:pageobjectmodel.LoginTest@215be6bb]" name="init" is-config="true" duration-ms="11564" started-at="2021-03-03T09:24:07Z" finished-at="2021-03-03T09:24:18Z">
          <reporter-output>
          </reporter-output>
        </test-method> <!-- init -->
        <test-method status="PASS" signature="loginSuccess()[pri:0, instance:pageobjectmodel.LoginTest@215be6bb]" name="loginSuccess" duration-ms="9022" started-at="2021-03-03T09:24:18Z" finished-at="2021-03-03T09:24:27Z">
          <reporter-output>
          </reporter-output>
        </test-method> <!-- loginSuccess -->
        <test-method status="PASS" signature="close()[pri:0, instance:pageobjectmodel.LoginTest@215be6bb]" name="close" is-config="true" duration-ms="1035" started-at="2021-03-03T09:24:27Z" finished-at="2021-03-03T09:24:28Z">
          <reporter-output>
          </reporter-output>
        </test-method> <!-- close -->
        <test-method status="PASS" signature="init()[pri:0, instance:pageobjectmodel.LoginTest@215be6bb]" name="init" is-config="true" duration-ms="9498" started-at="2021-03-03T09:24:28Z" finished-at="2021-03-03T09:24:38Z">
          <reporter-output>
          </reporter-output>
        </test-method> <!-- init -->
        <test-method status="PASS" signature="loginfailure()[pri:0, instance:pageobjectmodel.LoginTest@215be6bb]" name="loginfailure" duration-ms="9258" started-at="2021-03-03T09:24:38Z" finished-at="2021-03-03T09:24:47Z">
          <reporter-output>
          </reporter-output>
        </test-method> <!-- loginfailure -->
        <test-method status="PASS" signature="close()[pri:0, instance:pageobjectmodel.LoginTest@215be6bb]" name="close" is-config="true" duration-ms="796" started-at="2021-03-03T09:24:47Z" finished-at="2021-03-03T09:24:48Z">
          <reporter-output>
          </reporter-output>
        </test-method> <!-- close -->
      </class> <!-- pageobjectmodel.LoginTest -->
    </test> <!-- Default test -->
  </suite> <!-- Default suite -->
</testng-results>
