<?xml version="1.0" encoding="UTF-8"?>
<!-- Generated by org.testng.reporters.JUnitXMLReporter -->
<testsuite hostname="Jordan-PC" ignored="0" name="Default test" tests="3" failures="0" timestamp="03 Mar 2021 03:54:48 GMT" time="68.875" errors="0">
  <testcase name="AtitleCheck" time="9.653" classname="pageobjectmodel.LoginTest"/>
  <testcase name="loginSuccess" time="9.022" classname="pageobjectmodel.LoginTest"/>
  <testcase name="loginfailure" time="9.258" classname="pageobjectmodel.LoginTest"/>
</testsuite> <!-- Default test -->
